<?xml version="1.0" encoding="UTF-8"?>
<!-- Generated by org.testng.reporters.JUnitReportReporter -->
<testsuite skipped="0" hostname="DESKTOP-7OGVSBN" name="com.scripit.LoginTest" tests="1" failures="0" timestamp="16 Apr 2019 13:43:02 GMT" time="31.457" errors="0">
  <testcase name="testLogin" time="31.457" classname="com.scripit.LoginTest"/>
</testsuite> <!-- com.scripit.LoginTest -->
