<?xml version="1.0" encoding="UTF-8"?>
<!-- Generated by org.testng.reporters.JUnitReportReporter -->
<testsuite skipped="0" hostname="venkatesh" name="com.scripit.LogoutTest" tests="1" failures="0" timestamp="17 Apr 2019 14:25:31 GMT" time="24.878" errors="0">
  <testcase name="testLogout" time="24.878" classname="com.scripit.LogoutTest"/>
</testsuite> <!-- com.scripit.LogoutTest -->
